# Logfile created on 2020-10-07 12:24:25 -0300 by logger.rb/v1.4.2
I, [2020-10-07T12:48:22.794039 #12122]  INFO -- : Teste finalizado
I, [2020-10-07T13:00:08.600058 #12338]  INFO -- : Verificando se existe o elemento com.blu.blurep:id/onboarding_next usando o tipo de busca ID
I, [2020-10-07T13:00:11.840911 #12338]  INFO -- : Aguardou a existência do elemento com.blu.blurep:id/onboarding_next usando o tipo de busca ID
I, [2020-10-07T13:00:11.895811 #12338]  INFO -- : Clicou no botão com.blu.blurep:id/onboarding_next usando o tipo de busca ID
I, [2020-10-07T13:00:14.898980 #12338]  INFO -- : Verificando se existe o elemento com.blu.blurep:id/form_button usando o tipo de busca ID
I, [2020-10-07T13:00:35.366862 #12338]  INFO -- : Verificando se existe o elemento com.blu.blurep:id/form_button usando o tipo de busca ID
I, [2020-10-07T13:00:55.804692 #12338]  INFO -- : Verificando se existe o elemento com.blu.blurep:id/form_button usando o tipo de busca ID
I, [2020-10-07T13:01:19.626881 #12338]  INFO -- : Teste finalizado
I, [2020-10-07T13:01:31.730349 #12402]  INFO -- : Verificando se existe o elemento com.blu.blurep:id/onboarding_next usando o tipo de busca ID
I, [2020-10-07T13:01:34.939874 #12402]  INFO -- : Aguardou a existência do elemento com.blu.blurep:id/onboarding_next usando o tipo de busca ID
I, [2020-10-07T13:01:34.974906 #12402]  INFO -- : Clicou no botão com.blu.blurep:id/onboarding_next usando o tipo de busca ID
I, [2020-10-07T13:01:37.978054 #12402]  INFO -- : Verificando se existe o elemento com.blu.blurep:id/onboarding_next usando o tipo de busca ID
I, [2020-10-07T13:01:38.005029 #12402]  INFO -- : Aguardou a existência do elemento com.blu.blurep:id/onboarding_next usando o tipo de busca ID
I, [2020-10-07T13:01:38.037670 #12402]  INFO -- : Clicou no botão com.blu.blurep:id/onboarding_next usando o tipo de busca ID
I, [2020-10-07T13:01:41.040862 #12402]  INFO -- : Verificando se existe o elemento com.blu.blurep:id/form_button usando o tipo de busca ID
I, [2020-10-07T13:01:41.097403 #12402]  INFO -- : Aguardou a existência do elemento com.blu.blurep:id/form_button usando o tipo de busca ID
I, [2020-10-07T13:01:41.180100 #12402]  INFO -- : Clicou no botão com.blu.blurep:id/form_button usando o tipo de busca ID
I, [2020-10-07T13:01:47.275882 #12402]  INFO -- : Teste finalizado
I, [2020-10-07T13:20:37.926799 #13018]  INFO -- : Teste finalizado
I, [2020-10-07T13:21:21.054853 #13073]  INFO -- : Teste finalizado
I, [2020-10-07T13:28:21.189738 #13141]  INFO -- : Teste finalizado
I, [2020-10-07T15:09:33.958671 #15775]  INFO -- : Verificando se existe o elemento //XCUIElementTypeButton[@name="Don’t Allow"] usando o tipo de busca XPATH
I, [2020-10-07T15:09:34.632666 #15775]  INFO -- : Aguardou a existência do elemento //XCUIElementTypeButton[@name="Don’t Allow"] usando o tipo de busca XPATH
I, [2020-10-07T15:09:35.665579 #15775]  INFO -- : Clicou no botão //XCUIElementTypeButton[@name="Don’t Allow"] usando o tipo de busca XPATH
I, [2020-10-07T15:09:38.667329 #15775]  INFO -- : Verificando se existe o elemento //XCUIElementTypeButton[@name="chevron.right"] usando o tipo de busca XPATH
I, [2020-10-07T15:09:38.906410 #15775]  INFO -- : Aguardou a existência do elemento //XCUIElementTypeButton[@name="chevron.right"] usando o tipo de busca XPATH
I, [2020-10-07T15:09:39.391133 #15775]  INFO -- : Clicou no botão //XCUIElementTypeButton[@name="chevron.right"] usando o tipo de busca XPATH
I, [2020-10-07T15:09:43.427086 #15775]  INFO -- : Teste finalizado
I, [2020-10-07T15:10:31.500400 #15877]  INFO -- : Verificando se existe o elemento //XCUIElementTypeButton[@name="Don’t Allow"] usando o tipo de busca XPATH
I, [2020-10-07T15:10:47.065938 #15877]  INFO -- : Teste finalizado
I, [2020-10-07T15:13:03.060307 #15991]  INFO -- : Verificando se existe o elemento //XCUIElementTypeButton[@name="Don’t Allow"] usando o tipo de busca XPATH
I, [2020-10-07T15:13:03.744649 #15991]  INFO -- : Aguardou a existência do elemento //XCUIElementTypeButton[@name="Don’t Allow"] usando o tipo de busca XPATH
I, [2020-10-07T15:13:04.798609 #15991]  INFO -- : Clicou no botão //XCUIElementTypeButton[@name="Don’t Allow"] usando o tipo de busca XPATH
I, [2020-10-07T15:13:07.803945 #15991]  INFO -- : Verificando se existe o elemento //XCUIElementTypeButton[@name="chevron.right"] usando o tipo de busca XPATH
I, [2020-10-07T15:13:07.964443 #15991]  INFO -- : Aguardou a existência do elemento //XCUIElementTypeButton[@name="chevron.right"] usando o tipo de busca XPATH
I, [2020-10-07T15:13:08.415152 #15991]  INFO -- : Clicou no botão //XCUIElementTypeButton[@name="chevron.right"] usando o tipo de busca XPATH
I, [2020-10-07T15:13:12.483279 #15991]  INFO -- : Teste finalizado
I, [2020-10-07T15:16:09.768383 #16110]  INFO -- : Verificando se existe o elemento //XCUIElementTypeButton[@name="Don’t Allow"] usando o tipo de busca XPATH
I, [2020-10-07T15:16:10.406235 #16110]  INFO -- : Aguardou a existência do elemento //XCUIElementTypeButton[@name="Don’t Allow"] usando o tipo de busca XPATH
I, [2020-10-07T15:16:11.467758 #16110]  INFO -- : Clicou no botão //XCUIElementTypeButton[@name="Don’t Allow"] usando o tipo de busca XPATH
I, [2020-10-07T15:16:14.469596 #16110]  INFO -- : Verificando se existe o elemento //XCUIElementTypeButton[@name="chevron.right"] usando o tipo de busca XPATH
I, [2020-10-07T15:16:14.624917 #16110]  INFO -- : Aguardou a existência do elemento //XCUIElementTypeButton[@name="chevron.right"] usando o tipo de busca XPATH
I, [2020-10-07T15:16:15.077346 #16110]  INFO -- : Clicou no botão //XCUIElementTypeButton[@name="chevron.right"] usando o tipo de busca XPATH
I, [2020-10-07T15:16:19.146203 #16110]  INFO -- : Teste finalizado
I, [2020-10-07T15:17:50.341313 #16206]  INFO -- : Verificando se existe o elemento //XCUIElementTypeButton[@name="Don’t Allow"] usando o tipo de busca XPATH
I, [2020-10-07T15:17:50.984993 #16206]  INFO -- : Aguardou a existência do elemento //XCUIElementTypeButton[@name="Don’t Allow"] usando o tipo de busca XPATH
I, [2020-10-07T15:17:52.022127 #16206]  INFO -- : Clicou no botão //XCUIElementTypeButton[@name="Don’t Allow"] usando o tipo de busca XPATH
I, [2020-10-07T15:17:55.025865 #16206]  INFO -- : Verificando se existe o elemento //XCUIElementTypeButton[@name="chevron.right"] usando o tipo de busca XPATH
I, [2020-10-07T15:17:55.183861 #16206]  INFO -- : Aguardou a existência do elemento //XCUIElementTypeButton[@name="chevron.right"] usando o tipo de busca XPATH
I, [2020-10-07T15:17:55.635248 #16206]  INFO -- : Clicou no botão //XCUIElementTypeButton[@name="chevron.right"] usando o tipo de busca XPATH
I, [2020-10-07T15:17:59.720005 #16206]  INFO -- : Teste finalizado
I, [2020-10-07T15:21:51.243241 #16351]  INFO -- : Verificando se existe o elemento //XCUIElementTypeButton[@name="Don’t Allow"] usando o tipo de busca XPATH
I, [2020-10-07T15:21:51.904087 #16351]  INFO -- : Aguardou a existência do elemento //XCUIElementTypeButton[@name="Don’t Allow"] usando o tipo de busca XPATH
I, [2020-10-07T15:21:52.926400 #16351]  INFO -- : Clicou no botão //XCUIElementTypeButton[@name="Don’t Allow"] usando o tipo de busca XPATH
I, [2020-10-07T15:21:55.930009 #16351]  INFO -- : Verificando se existe o elemento //XCUIElementTypeButton[@name="chevron.right"] usando o tipo de busca XPATH
I, [2020-10-07T15:21:56.074103 #16351]  INFO -- : Aguardou a existência do elemento //XCUIElementTypeButton[@name="chevron.right"] usando o tipo de busca XPATH
I, [2020-10-07T15:21:56.524496 #16351]  INFO -- : Clicou no botão //XCUIElementTypeButton[@name="chevron.right"] usando o tipo de busca XPATH
I, [2020-10-07T15:22:00.591538 #16351]  INFO -- : Teste finalizado
I, [2020-10-07T15:22:54.778028 #16428]  INFO -- : Verificando se existe o elemento //XCUIElementTypeButton[@name="Don’t Allow"] usando o tipo de busca XPATH
I, [2020-10-07T15:22:55.413288 #16428]  INFO -- : Aguardou a existência do elemento //XCUIElementTypeButton[@name="Don’t Allow"] usando o tipo de busca XPATH
I, [2020-10-07T15:22:56.449023 #16428]  INFO -- : Clicou no botão //XCUIElementTypeButton[@name="Don’t Allow"] usando o tipo de busca XPATH
I, [2020-10-07T15:22:59.452442 #16428]  INFO -- : Verificando se existe o elemento //XCUIElementTypeButton[@name="chevron.right"] usando o tipo de busca XPATH
I, [2020-10-07T15:22:59.590722 #16428]  INFO -- : Aguardou a existência do elemento //XCUIElementTypeButton[@name="chevron.right"] usando o tipo de busca XPATH
I, [2020-10-07T15:23:00.033989 #16428]  INFO -- : Clicou no botão //XCUIElementTypeButton[@name="chevron.right"] usando o tipo de busca XPATH
I, [2020-10-07T15:23:04.095667 #16428]  INFO -- : Teste finalizado
I, [2020-10-07T15:29:51.801412 #16649]  INFO -- : Teste finalizado
I, [2020-10-07T15:31:17.461034 #16725]  INFO -- : Teste finalizado
I, [2020-10-07T15:32:03.844445 #16784]  INFO -- : Teste finalizado
