# Logfile created on 2020-10-08 12:12:28 -0300 by logger.rb/v1.4.2
I, [2020-10-08T12:12:43.316353 #7023]  INFO -- : Teste finalizado
I, [2020-10-08T12:40:12.322540 #7831]  INFO -- : Teste finalizado
I, [2020-10-08T12:42:59.969659 #7909]  INFO -- : Teste finalizado
I, [2020-10-08T17:12:16.202394 #13296]  INFO -- : Teste finalizado
I, [2020-10-08T17:12:54.831634 #13445]  INFO -- : Verificando se existe o elemento //XCUIElementTypeButton[@name="chevron.right"] usando o tipo de busca XPATH
I, [2020-10-08T17:12:55.026196 #13445]  INFO -- : Aguardou a existência do elemento //XCUIElementTypeButton[@name="chevron.right"] usando o tipo de busca XPATH
I, [2020-10-08T17:12:55.527530 #13445]  INFO -- : Clicou no botão //XCUIElementTypeButton[@name="chevron.right"] usando o tipo de busca XPATH
I, [2020-10-08T17:13:05.530176 #13445]  INFO -- : Verificando se existe o elemento //Elem/XCUIentTypeButton[@name="Entrar"] usando o tipo de busca XPATH
I, [2020-10-08T17:13:26.273050 #13445]  INFO -- : Verificando se existe o elemento //Elem/XCUIentTypeButton[@name="Entrar"] usando o tipo de busca XPATH
I, [2020-10-08T17:13:46.960928 #13445]  INFO -- : Verificando se existe o elemento //Elem/XCUIentTypeButton[@name="Entrar"] usando o tipo de busca XPATH
I, [2020-10-08T17:14:11.561630 #13445]  INFO -- : Teste finalizado
I, [2020-10-08T17:14:21.369681 #13539]  INFO -- : Verificando se existe o elemento //XCUIElementTypeButton[@name="chevron.right"] usando o tipo de busca XPATH
I, [2020-10-08T17:14:42.079958 #13539]  INFO -- : Verificando se existe o elemento //XCUIElementTypeButton[@name="chevron.right"] usando o tipo de busca XPATH
I, [2020-10-08T17:15:02.783442 #13539]  INFO -- : Verificando se existe o elemento //XCUIElementTypeButton[@name="chevron.right"] usando o tipo de busca XPATH
I, [2020-10-08T17:15:26.077994 #13539]  INFO -- : Teste finalizado
I, [2020-10-08T17:15:40.095562 #13653]  INFO -- : Teste finalizado
I, [2020-10-08T17:21:58.851989 #13871]  INFO -- : Teste finalizado
I, [2020-10-08T17:22:33.441876 #13962]  INFO -- : Verificando se existe o elemento //XCUIElementTypeButton[@name="chevron.right"] usando o tipo de busca XPATH
I, [2020-10-08T17:22:54.500477 #13962]  INFO -- : Verificando se existe o elemento //XCUIElementTypeButton[@name="chevron.right"] usando o tipo de busca XPATH
I, [2020-10-08T17:23:15.879762 #13962]  INFO -- : Verificando se existe o elemento //XCUIElementTypeButton[@name="chevron.right"] usando o tipo de busca XPATH
I, [2020-10-08T17:23:40.300586 #13962]  INFO -- : Teste finalizado
I, [2020-10-08T17:24:07.977914 #14049]  INFO -- : Verificando se existe o elemento //XCUIElementTypeButton[@name="chevron.right"] usando o tipo de busca XPATH
I, [2020-10-08T17:24:28.336925 #14049]  INFO -- : Verificando se existe o elemento //XCUIElementTypeButton[@name="chevron.right"] usando o tipo de busca XPATH
I, [2020-10-08T17:24:48.774092 #14049]  INFO -- : Verificando se existe o elemento //XCUIElementTypeButton[@name="chevron.right"] usando o tipo de busca XPATH
I, [2020-10-08T17:25:13.151407 #14049]  INFO -- : Teste finalizado
I, [2020-10-08T17:26:24.594537 #14222]  INFO -- : Verificando se existe o elemento //XCUIElementTypeButton[@name="chevron.right"] usando o tipo de busca XPATH
I, [2020-10-08T17:26:45.123188 #14222]  INFO -- : Verificando se existe o elemento //XCUIElementTypeButton[@name="chevron.right"] usando o tipo de busca XPATH
I, [2020-10-08T17:27:06.422672 #14222]  INFO -- : Verificando se existe o elemento //XCUIElementTypeButton[@name="chevron.right"] usando o tipo de busca XPATH
I, [2020-10-08T17:27:30.751873 #14222]  INFO -- : Teste finalizado
I, [2020-10-08T17:28:05.016495 #14348]  INFO -- : Verificando se existe o elemento //XCUIElementTypeButton[@name="Don’t Allow"] usando o tipo de busca XPATH
I, [2020-10-08T17:28:05.690878 #14348]  INFO -- : Aguardou a existência do elemento //XCUIElementTypeButton[@name="Don’t Allow"] usando o tipo de busca XPATH
I, [2020-10-08T17:28:06.745740 #14348]  INFO -- : Clicou no botão //XCUIElementTypeButton[@name="Don’t Allow"] usando o tipo de busca XPATH
I, [2020-10-08T17:28:09.746153 #14348]  INFO -- : Verificando se existe o elemento //XCUIElementTypeButton[@name="chevron.right"] usando o tipo de busca XPATH
I, [2020-10-08T17:28:09.902992 #14348]  INFO -- : Aguardou a existência do elemento //XCUIElementTypeButton[@name="chevron.right"] usando o tipo de busca XPATH
I, [2020-10-08T17:28:10.391397 #14348]  INFO -- : Clicou no botão //XCUIElementTypeButton[@name="chevron.right"] usando o tipo de busca XPATH
I, [2020-10-08T17:28:20.396325 #14348]  INFO -- : Verificando se existe o elemento //XCUIElementTypeButton[@name="chevron.right"] usando o tipo de busca XPATH
I, [2020-10-08T17:28:20.555395 #14348]  INFO -- : Aguardou a existência do elemento //XCUIElementTypeButton[@name="chevron.right"] usando o tipo de busca XPATH
I, [2020-10-08T17:28:21.046606 #14348]  INFO -- : Clicou no botão //XCUIElementTypeButton[@name="chevron.right"] usando o tipo de busca XPATH
I, [2020-10-08T17:28:31.051807 #14348]  INFO -- : Verificando se existe o elemento //Elem/XCUIentTypeButton[@name="Entrar"] usando o tipo de busca XPATH
I, [2020-10-08T17:28:51.808460 #14348]  INFO -- : Verificando se existe o elemento //Elem/XCUIentTypeButton[@name="Entrar"] usando o tipo de busca XPATH
I, [2020-10-08T17:29:12.583033 #14348]  INFO -- : Verificando se existe o elemento //Elem/XCUIentTypeButton[@name="Entrar"] usando o tipo de busca XPATH
I, [2020-10-08T17:29:37.408168 #14348]  INFO -- : Teste finalizado
I, [2020-10-08T17:32:19.349450 #14558]  INFO -- : Verificando se existe o elemento //XCUIElementTypeButton[@name="Don’t Allow"] usando o tipo de busca XPATH
I, [2020-10-08T17:32:20.011619 #14558]  INFO -- : Aguardou a existência do elemento //XCUIElementTypeButton[@name="Don’t Allow"] usando o tipo de busca XPATH
I, [2020-10-08T17:32:21.077933 #14558]  INFO -- : Clicou no botão //XCUIElementTypeButton[@name="Don’t Allow"] usando o tipo de busca XPATH
I, [2020-10-08T17:32:24.080205 #14558]  INFO -- : Verificando se existe o elemento //XCUIElementTypeButton[@name="chevron.right"] usando o tipo de busca XPATH
I, [2020-10-08T17:32:24.238902 #14558]  INFO -- : Aguardou a existência do elemento //XCUIElementTypeButton[@name="chevron.right"] usando o tipo de busca XPATH
I, [2020-10-08T17:32:24.689850 #14558]  INFO -- : Clicou no botão //XCUIElementTypeButton[@name="chevron.right"] usando o tipo de busca XPATH
I, [2020-10-08T17:32:27.692472 #14558]  INFO -- : Verificando se existe o elemento //XCUIElementTypeButton[@name="chevron.right"] usando o tipo de busca XPATH
I, [2020-10-08T17:32:27.851252 #14558]  INFO -- : Aguardou a existência do elemento //XCUIElementTypeButton[@name="chevron.right"] usando o tipo de busca XPATH
I, [2020-10-08T17:32:28.312042 #14558]  INFO -- : Clicou no botão //XCUIElementTypeButton[@name="chevron.right"] usando o tipo de busca XPATH
I, [2020-10-08T17:32:31.314785 #14558]  INFO -- : Verificando se existe o elemento /Elem/XCUIentTypeButton[@name="Entrar"] usando o tipo de busca XPATH
I, [2020-10-08T17:32:52.073821 #14558]  INFO -- : Verificando se existe o elemento /Elem/XCUIentTypeButton[@name="Entrar"] usando o tipo de busca XPATH
I, [2020-10-08T17:33:12.847541 #14558]  INFO -- : Verificando se existe o elemento /Elem/XCUIentTypeButton[@name="Entrar"] usando o tipo de busca XPATH
I, [2020-10-08T17:33:37.267474 #14558]  INFO -- : Teste finalizado
I, [2020-10-08T17:37:19.289386 #15809]  INFO -- : Verificando se existe o elemento //XCUIElementTypeButton[@name="Don’t Allow"] usando o tipo de busca XPATH
I, [2020-10-08T17:37:19.937370 #15809]  INFO -- : Aguardou a existência do elemento //XCUIElementTypeButton[@name="Don’t Allow"] usando o tipo de busca XPATH
I, [2020-10-08T17:37:21.032392 #15809]  INFO -- : Clicou no botão //XCUIElementTypeButton[@name="Don’t Allow"] usando o tipo de busca XPATH
I, [2020-10-08T17:37:21.032574 #15809]  INFO -- : Verificando se existe o elemento //XCUIElementTypeButton[@name="chevron.right"] usando o tipo de busca XPATH
I, [2020-10-08T17:37:24.597729 #15809]  INFO -- : Aguardou a existência do elemento //XCUIElementTypeButton[@name="chevron.right"] usando o tipo de busca XPATH
I, [2020-10-08T17:37:25.057156 #15809]  INFO -- : Clicou no botão //XCUIElementTypeButton[@name="chevron.right"] usando o tipo de busca XPATH
I, [2020-10-08T17:37:28.057687 #15809]  INFO -- : Verificando se existe o elemento //XCUIElementTypeButton[@name="chevron.right"] usando o tipo de busca XPATH
I, [2020-10-08T17:37:28.217850 #15809]  INFO -- : Aguardou a existência do elemento //XCUIElementTypeButton[@name="chevron.right"] usando o tipo de busca XPATH
I, [2020-10-08T17:37:28.681222 #15809]  INFO -- : Clicou no botão //XCUIElementTypeButton[@name="chevron.right"] usando o tipo de busca XPATH
I, [2020-10-08T17:37:31.685508 #15809]  INFO -- : Verificando se existe o elemento //XCUIElementTypeButton[@name="Entrar"] usando o tipo de busca XPATH
I, [2020-10-08T17:37:31.831350 #15809]  INFO -- : Aguardou a existência do elemento //XCUIElementTypeButton[@name="Entrar"] usando o tipo de busca XPATH
I, [2020-10-08T17:37:32.293067 #15809]  INFO -- : Clicou no botão //XCUIElementTypeButton[@name="Entrar"] usando o tipo de busca XPATH
I, [2020-10-08T17:37:39.332914 #15809]  INFO -- : Teste finalizado
I, [2020-10-08T17:39:10.352527 #15925]  INFO -- : Verificando se existe o elemento //XCUIElementTypeButton[@name="Don’t Allow"] usando o tipo de busca XPATH
I, [2020-10-08T17:39:11.065847 #15925]  INFO -- : Aguardou a existência do elemento //XCUIElementTypeButton[@name="Don’t Allow"] usando o tipo de busca XPATH
I, [2020-10-08T17:39:12.180059 #15925]  INFO -- : Clicou no botão //XCUIElementTypeButton[@name="Don’t Allow"] usando o tipo de busca XPATH
I, [2020-10-08T17:39:12.180177 #15925]  INFO -- : Verificando se existe o elemento //XCUIElementTypeButton[@name="chevron.right"] usando o tipo de busca XPATH
I, [2020-10-08T17:39:15.577724 #15925]  INFO -- : Aguardou a existência do elemento //XCUIElementTypeButton[@name="chevron.right"] usando o tipo de busca XPATH
I, [2020-10-08T17:39:16.047822 #15925]  INFO -- : Clicou no botão //XCUIElementTypeButton[@name="chevron.right"] usando o tipo de busca XPATH
I, [2020-10-08T17:39:16.047954 #15925]  INFO -- : Verificando se existe o elemento //XCUIElementTypeButton[@name="chevron.right"] usando o tipo de busca XPATH
I, [2020-10-08T17:39:16.357339 #15925]  INFO -- : Aguardou a existência do elemento //XCUIElementTypeButton[@name="chevron.right"] usando o tipo de busca XPATH
I, [2020-10-08T17:39:17.631131 #15925]  INFO -- : Clicou no botão //XCUIElementTypeButton[@name="chevron.right"] usando o tipo de busca XPATH
I, [2020-10-08T17:39:17.631224 #15925]  INFO -- : Verificando se existe o elemento //XCUIElementTypeButton[@name="Entrar"] usando o tipo de busca XPATH
I, [2020-10-08T17:39:17.893078 #15925]  INFO -- : Aguardou a existência do elemento //XCUIElementTypeButton[@name="Entrar"] usando o tipo de busca XPATH
I, [2020-10-08T17:39:18.517285 #15925]  INFO -- : Clicou no botão //XCUIElementTypeButton[@name="Entrar"] usando o tipo de busca XPATH
I, [2020-10-08T17:39:22.611042 #15925]  INFO -- : Teste finalizado
I, [2020-10-08T17:40:05.272385 #16070]  INFO -- : Verificando se existe o elemento //XCUIElementTypeButton[@name="Don’t Allow"] usando o tipo de busca XPATH
I, [2020-10-08T17:40:05.932226 #16070]  INFO -- : Aguardou a existência do elemento //XCUIElementTypeButton[@name="Don’t Allow"] usando o tipo de busca XPATH
I, [2020-10-08T17:40:06.981784 #16070]  INFO -- : Clicou no botão //XCUIElementTypeButton[@name="Don’t Allow"] usando o tipo de busca XPATH
I, [2020-10-08T17:40:06.981887 #16070]  INFO -- : Verificando se existe o elemento //XCUIElementTypeButton[@name="chevron.right"] usando o tipo de busca XPATH
I, [2020-10-08T17:40:10.364092 #16070]  INFO -- : Aguardou a existência do elemento //XCUIElementTypeButton[@name="chevron.right"] usando o tipo de busca XPATH
I, [2020-10-08T17:40:10.817137 #16070]  INFO -- : Clicou no botão //XCUIElementTypeButton[@name="chevron.right"] usando o tipo de busca XPATH
I, [2020-10-08T17:40:10.817247 #16070]  INFO -- : Verificando se existe o elemento //XCUIElementTypeButton[@name="chevron.right"] usando o tipo de busca XPATH
I, [2020-10-08T17:40:11.048028 #16070]  INFO -- : Aguardou a existência do elemento //XCUIElementTypeButton[@name="chevron.right"] usando o tipo de busca XPATH
I, [2020-10-08T17:40:23.968118 #16070]  INFO -- : Clicou no botão //XCUIElementTypeButton[@name="chevron.right"] usando o tipo de busca XPATH
I, [2020-10-08T17:40:23.968185 #16070]  INFO -- : Verificando se existe o elemento //XCUIElementTypeButton[@name="Entrar"] usando o tipo de busca XPATH
I, [2020-10-08T17:40:44.172811 #16070]  INFO -- : Verificando se existe o elemento //XCUIElementTypeButton[@name="Entrar"] usando o tipo de busca XPATH
I, [2020-10-08T17:41:04.805064 #16070]  INFO -- : Verificando se existe o elemento //XCUIElementTypeButton[@name="Entrar"] usando o tipo de busca XPATH
I, [2020-10-08T17:41:29.192276 #16070]  INFO -- : Teste finalizado
I, [2020-10-08T17:43:11.019852 #16247]  INFO -- : Verificando se existe o elemento //XCUIElementTypeButton[@name="Don’t Allow"] usando o tipo de busca XPATH
I, [2020-10-08T17:43:11.980237 #16247]  INFO -- : Aguardou a existência do elemento //XCUIElementTypeButton[@name="Don’t Allow"] usando o tipo de busca XPATH
I, [2020-10-08T17:43:13.340998 #16247]  INFO -- : Clicou no botão //XCUIElementTypeButton[@name="Don’t Allow"] usando o tipo de busca XPATH
I, [2020-10-08T17:43:19.417369 #16247]  INFO -- : Teste finalizado
I, [2020-10-08T17:45:13.211348 #16382]  INFO -- : Verificando se existe o elemento //XCUIElementTypeButton[@name="Don’t Allow"] usando o tipo de busca XPATH
I, [2020-10-08T17:45:13.865435 #16382]  INFO -- : Aguardou a existência do elemento //XCUIElementTypeButton[@name="Don’t Allow"] usando o tipo de busca XPATH
I, [2020-10-08T17:45:14.918924 #16382]  INFO -- : Clicou no botão //XCUIElementTypeButton[@name="Don’t Allow"] usando o tipo de busca XPATH
I, [2020-10-08T17:45:14.919001 #16382]  INFO -- : Verificando se existe o elemento //XCUIElementTypeButton[@name="chevron.right"] usando o tipo de busca XPATH
I, [2020-10-08T17:45:18.345367 #16382]  INFO -- : Aguardou a existência do elemento //XCUIElementTypeButton[@name="chevron.right"] usando o tipo de busca XPATH
I, [2020-10-08T17:45:18.873129 #16382]  INFO -- : Clicou no botão //XCUIElementTypeButton[@name="chevron.right"] usando o tipo de busca XPATH
I, [2020-10-08T17:45:21.878503 #16382]  INFO -- : Verificando se existe o elemento //XCUIElementTypeButton[@name="chevron.right"] usando o tipo de busca XPATH
I, [2020-10-08T17:45:22.045419 #16382]  INFO -- : Aguardou a existência do elemento //XCUIElementTypeButton[@name="chevron.right"] usando o tipo de busca XPATH
I, [2020-10-08T17:45:22.515131 #16382]  INFO -- : Clicou no botão //XCUIElementTypeButton[@name="chevron.right"] usando o tipo de busca XPATH
I, [2020-10-08T17:45:25.517372 #16382]  INFO -- : Verificando se existe o elemento //XCUIElementTypeButton[@name="Entrar"] usando o tipo de busca XPATH
I, [2020-10-08T17:45:25.661195 #16382]  INFO -- : Aguardou a existência do elemento //XCUIElementTypeButton[@name="Entrar"] usando o tipo de busca XPATH
I, [2020-10-08T17:45:26.155680 #16382]  INFO -- : Clicou no botão //XCUIElementTypeButton[@name="Entrar"] usando o tipo de busca XPATH
I, [2020-10-08T17:45:33.201164 #16382]  INFO -- : Teste finalizado
