# Logfile created on 2020-10-19 17:32:19 -0300 by logger.rb/v1.4.2
I, [2020-10-19T17:32:35.064361 #32769]  INFO -- : Teste finalizado
I, [2020-10-19T17:36:39.826809 #32918]  INFO -- : Teste finalizado
I, [2020-10-19T17:37:22.054695 #32983]  INFO -- : Teste finalizado
I, [2020-10-19T17:38:02.512095 #33053]  INFO -- : Teste finalizado
I, [2020-10-19T17:39:14.968637 #33114]  INFO -- : Teste finalizado
I, [2020-10-19T17:40:05.485513 #33227]  INFO -- : Verificando se existe o elemento com.blu.blurep:id/onboarding_next usando o tipo de busca ID
I, [2020-10-19T17:40:09.041418 #33227]  INFO -- : Aguardou a existência do elemento com.blu.blurep:id/onboarding_next usando o tipo de busca ID
I, [2020-10-19T17:40:09.968732 #33227]  INFO -- : Clicou no botão com.blu.blurep:id/onboarding_next usando o tipo de busca ID
I, [2020-10-19T17:40:10.970704 #33227]  INFO -- : Verificando se existe o elemento com.blu.blurep:id/onboarding_next usando o tipo de busca ID
I, [2020-10-19T17:40:10.992429 #33227]  INFO -- : Aguardou a existência do elemento com.blu.blurep:id/onboarding_next usando o tipo de busca ID
I, [2020-10-19T17:40:11.055585 #33227]  INFO -- : Clicou no botão com.blu.blurep:id/onboarding_next usando o tipo de busca ID
I, [2020-10-19T17:40:16.316503 #33227]  INFO -- : Teste finalizado
I, [2020-10-19T17:40:51.270611 #33288]  INFO -- : Verificando se existe o elemento com.blu.blurep:id/onboarding_next usando o tipo de busca ID
I, [2020-10-19T17:40:55.741883 #33288]  INFO -- : Aguardou a existência do elemento com.blu.blurep:id/onboarding_next usando o tipo de busca ID
I, [2020-10-19T17:40:56.722370 #33288]  INFO -- : Clicou no botão com.blu.blurep:id/onboarding_next usando o tipo de busca ID
I, [2020-10-19T17:40:57.723388 #33288]  INFO -- : Verificando se existe o elemento com.blu.blurep:id/onboarding_next usando o tipo de busca ID
I, [2020-10-19T17:40:57.748499 #33288]  INFO -- : Aguardou a existência do elemento com.blu.blurep:id/onboarding_next usando o tipo de busca ID
I, [2020-10-19T17:40:57.826466 #33288]  INFO -- : Clicou no botão com.blu.blurep:id/onboarding_next usando o tipo de busca ID
I, [2020-10-19T17:41:03.697371 #33288]  INFO -- : Teste finalizado
