# Logfile created on 2020-10-09 10:22:48 -0300 by logger.rb/v1.4.2
I, [2020-10-09T10:30:48.236187 #6408]  INFO -- : Teste finalizado
I, [2020-10-09T10:32:15.813309 #6968]  INFO -- : Teste finalizado
I, [2020-10-09T10:37:35.683109 #7102]  INFO -- : Teste finalizado
I, [2020-10-09T10:39:21.403069 #7203]  INFO -- : Teste finalizado
I, [2020-10-09T10:54:50.630275 #7395]  INFO -- : Teste finalizado
I, [2020-10-09T10:55:32.203626 #7478]  INFO -- : Teste finalizado
I, [2020-10-09T11:05:51.083440 #7632]  INFO -- : Verificando se existe o elemento //XCUIElementTypeButton[@name="Don’t Allow"] usando o tipo de busca XPATH
I, [2020-10-09T11:06:00.788086 #7632]  INFO -- : Teste finalizado
I, [2020-10-09T11:07:44.487379 #7729]  INFO -- : Verificando se existe o elemento //XCUIElementTypeButton[@name="Don’t Allow"] usando o tipo de busca XPATH
I, [2020-10-09T11:07:50.101915 #7729]  INFO -- : Verificando se existe o elemento //XCUIElementTypeButton[@name="chevron.right"] usando o tipo de busca XPATH
I, [2020-10-09T11:08:00.548179 #7729]  INFO -- : Teste finalizado
I, [2020-10-09T11:09:54.984395 #7821]  INFO -- : Teste finalizado
I, [2020-10-09T13:46:45.370578 #10011]  INFO -- : Verificando se existe o elemento //XCUIElementTypeButton[@name="Don’t Allow"] usando o tipo de busca XPATH
I, [2020-10-09T13:46:46.035944 #10011]  INFO -- : Verificando se existe o elemento //XCUIElementTypeButton[@name="Don’t Allow"] usando o tipo de busca XPATH
I, [2020-10-09T13:46:46.681346 #10011]  INFO -- : Aguardou a existência do elemento //XCUIElementTypeButton[@name="Don’t Allow"] usando o tipo de busca XPATH
I, [2020-10-09T13:46:47.818578 #10011]  INFO -- : Clicou no botão //XCUIElementTypeButton[@name="Don’t Allow"] usando o tipo de busca XPATH
I, [2020-10-09T13:46:56.892801 #10011]  INFO -- : Teste finalizado
I, [2020-10-09T14:01:40.878120 #10360]  INFO -- : Verificando se existe o elemento //XCUIElementTypeButton[@name="Don’t Allow"] usando o tipo de busca XPATH
I, [2020-10-09T14:01:41.498818 #10360]  INFO -- : Verificando se existe o elemento //XCUIElementTypeButton[@name="Don’t Allow"] usando o tipo de busca XPATH
I, [2020-10-09T14:01:42.120937 #10360]  INFO -- : Aguardou a existência do elemento //XCUIElementTypeButton[@name="Don’t Allow"] usando o tipo de busca XPATH
I, [2020-10-09T14:01:43.124871 #10360]  INFO -- : Clicou no botão //XCUIElementTypeButton[@name="Don’t Allow"] usando o tipo de busca XPATH
I, [2020-10-09T14:01:52.178924 #10360]  INFO -- : Teste finalizado
I, [2020-10-09T14:05:28.315942 #10521]  INFO -- : Verificando se existe o elemento //XCUIElementTypeButton[@name="Don’t Allow"] usando o tipo de busca XPATH
I, [2020-10-09T14:05:28.933855 #10521]  INFO -- : Verificando se existe o elemento //XCUIElementTypeButton[@name="Don’t Allow"] usando o tipo de busca XPATH
I, [2020-10-09T14:05:29.540460 #10521]  INFO -- : Aguardou a existência do elemento //XCUIElementTypeButton[@name="Don’t Allow"] usando o tipo de busca XPATH
I, [2020-10-09T14:05:30.556528 #10521]  INFO -- : Clicou no botão //XCUIElementTypeButton[@name="Don’t Allow"] usando o tipo de busca XPATH
I, [2020-10-09T14:05:39.608844 #10521]  INFO -- : Teste finalizado
I, [2020-10-09T14:06:53.233848 #10614]  INFO -- : Verificando se existe o elemento //XCUIElementTypeButton[@name="Don’t Allow"] usando o tipo de busca XPATH
I, [2020-10-09T14:06:53.848556 #10614]  INFO -- : Verificando se existe o elemento //XCUIElementTypeButton[@name="Don’t Allow"] usando o tipo de busca XPATH
I, [2020-10-09T14:06:54.454331 #10614]  INFO -- : Aguardou a existência do elemento //XCUIElementTypeButton[@name="Don’t Allow"] usando o tipo de busca XPATH
I, [2020-10-09T14:06:55.468792 #10614]  INFO -- : Clicou no botão //XCUIElementTypeButton[@name="Don’t Allow"] usando o tipo de busca XPATH
I, [2020-10-09T14:07:04.533722 #10614]  INFO -- : Teste finalizado
I, [2020-10-09T14:28:46.813837 #11014]  INFO -- : Verificando se existe o elemento //XCUIElementTypeButton[@name="Don’t Allow"] usando o tipo de busca XPATH
I, [2020-10-09T14:28:47.447069 #11014]  INFO -- : Verificando se existe o elemento //XCUIElementTypeButton[@name="Don’t Allow"] usando o tipo de busca XPATH
I, [2020-10-09T14:28:48.086405 #11014]  INFO -- : Aguardou a existência do elemento //XCUIElementTypeButton[@name="Don’t Allow"] usando o tipo de busca XPATH
I, [2020-10-09T14:28:49.084723 #11014]  INFO -- : Clicou no botão //XCUIElementTypeButton[@name="Don’t Allow"] usando o tipo de busca XPATH
I, [2020-10-09T14:28:58.137911 #11014]  INFO -- : Teste finalizado
I, [2020-10-09T14:31:01.801038 #11119]  INFO -- : Verificando se existe o elemento //XCUIElementTypeButton[@name="Don’t Allow"] usando o tipo de busca XPATH
I, [2020-10-09T14:31:02.435197 #11119]  INFO -- : Verificando se existe o elemento //XCUIElementTypeButton[@name="Don’t Allow"] usando o tipo de busca XPATH
I, [2020-10-09T14:31:03.062750 #11119]  INFO -- : Aguardou a existência do elemento //XCUIElementTypeButton[@name="Don’t Allow"] usando o tipo de busca XPATH
I, [2020-10-09T14:31:04.092306 #11119]  INFO -- : Clicou no botão //XCUIElementTypeButton[@name="Don’t Allow"] usando o tipo de busca XPATH
I, [2020-10-09T14:31:13.127987 #11119]  INFO -- : Teste finalizado
